C:\ADOCUMENTS\LIBRARY\CLAPEYRON_IND\SPEECH REC\POCKETSPHINXLIB\POCKETSPHINX\WIN32\POCKETSPHINX\DEBUG\WIN32\FSG_LEXTREE.OBJ
C:\ADOCUMENTS\LIBRARY\CLAPEYRON_IND\SPEECH REC\POCKETSPHINXLIB\POCKETSPHINX\WIN32\POCKETSPHINX\DEBUG\WIN32\FSG_SEARCH.OBJ
C:\ADOCUMENTS\LIBRARY\CLAPEYRON_IND\SPEECH REC\POCKETSPHINXLIB\POCKETSPHINX\WIN32\POCKETSPHINX\DEBUG\WIN32\HMM.OBJ
C:\ADOCUMENTS\LIBRARY\CLAPEYRON_IND\SPEECH REC\POCKETSPHINXLIB\POCKETSPHINX\WIN32\POCKETSPHINX\DEBUG\WIN32\KWS_DETECTIONS.OBJ
C:\ADOCUMENTS\LIBRARY\CLAPEYRON_IND\SPEECH REC\POCKETSPHINXLIB\POCKETSPHINX\WIN32\POCKETSPHINX\DEBUG\WIN32\KWS_SEARCH.OBJ
C:\ADOCUMENTS\LIBRARY\CLAPEYRON_IND\SPEECH REC\POCKETSPHINXLIB\POCKETSPHINX\WIN32\POCKETSPHINX\DEBUG\WIN32\MDEF.OBJ
C:\ADOCUMENTS\LIBRARY\CLAPEYRON_IND\SPEECH REC\POCKETSPHINXLIB\POCKETSPHINX\WIN32\POCKETSPHINX\DEBUG\WIN32\MS_GAUDEN.OBJ
C:\ADOCUMENTS\LIBRARY\CLAPEYRON_IND\SPEECH REC\POCKETSPHINXLIB\POCKETSPHINX\WIN32\POCKETSPHINX\DEBUG\WIN32\MS_MGAU.OBJ
C:\ADOCUMENTS\LIBRARY\CLAPEYRON_IND\SPEECH REC\POCKETSPHINXLIB\POCKETSPHINX\WIN32\POCKETSPHINX\DEBUG\WIN32\MS_SENONE.OBJ
C:\ADOCUMENTS\LIBRARY\CLAPEYRON_IND\SPEECH REC\POCKETSPHINXLIB\POCKETSPHINX\WIN32\POCKETSPHINX\DEBUG\WIN32\NGRAM_SEARCH.OBJ
C:\ADOCUMENTS\LIBRARY\CLAPEYRON_IND\SPEECH REC\POCKETSPHINXLIB\POCKETSPHINX\WIN32\POCKETSPHINX\DEBUG\WIN32\NGRAM_SEARCH_FWDFLAT.OBJ
C:\ADOCUMENTS\LIBRARY\CLAPEYRON_IND\SPEECH REC\POCKETSPHINXLIB\POCKETSPHINX\WIN32\POCKETSPHINX\DEBUG\WIN32\NGRAM_SEARCH_FWDTREE.OBJ
C:\ADOCUMENTS\LIBRARY\CLAPEYRON_IND\SPEECH REC\POCKETSPHINXLIB\POCKETSPHINX\WIN32\POCKETSPHINX\DEBUG\WIN32\PHONE_LOOP_SEARCH.OBJ
C:\ADOCUMENTS\LIBRARY\CLAPEYRON_IND\SPEECH REC\POCKETSPHINXLIB\POCKETSPHINX\WIN32\POCKETSPHINX\DEBUG\WIN32\POCKETSPHINX.OBJ
C:\ADOCUMENTS\LIBRARY\CLAPEYRON_IND\SPEECH REC\POCKETSPHINXLIB\POCKETSPHINX\WIN32\POCKETSPHINX\DEBUG\WIN32\PS_LATTICE.OBJ
C:\ADOCUMENTS\LIBRARY\CLAPEYRON_IND\SPEECH REC\POCKETSPHINXLIB\POCKETSPHINX\WIN32\POCKETSPHINX\DEBUG\WIN32\PS_MLLR.OBJ
C:\ADOCUMENTS\LIBRARY\CLAPEYRON_IND\SPEECH REC\POCKETSPHINXLIB\POCKETSPHINX\WIN32\POCKETSPHINX\DEBUG\WIN32\PTM_MGAU.OBJ
C:\ADOCUMENTS\LIBRARY\CLAPEYRON_IND\SPEECH REC\POCKETSPHINXLIB\POCKETSPHINX\WIN32\POCKETSPHINX\DEBUG\WIN32\S2_SEMI_MGAU.OBJ
C:\ADOCUMENTS\LIBRARY\CLAPEYRON_IND\SPEECH REC\POCKETSPHINXLIB\POCKETSPHINX\WIN32\POCKETSPHINX\DEBUG\WIN32\TMAT.OBJ
C:\ADOCUMENTS\LIBRARY\CLAPEYRON_IND\SPEECH REC\POCKETSPHINXLIB\POCKETSPHINX\WIN32\POCKETSPHINX\DEBUG\WIN32\VECTOR.OBJ
C:\ADOCUMENTS\LIBRARY\CLAPEYRON_IND\SPEECH REC\POCKETSPHINXLIB\POCKETSPHINX\WIN32\POCKETSPHINX\DEBUG\WIN32\ACMOD.OBJ
C:\ADOCUMENTS\LIBRARY\CLAPEYRON_IND\SPEECH REC\POCKETSPHINXLIB\POCKETSPHINX\WIN32\POCKETSPHINX\DEBUG\WIN32\ALLPHONE_SEARCH.OBJ
C:\ADOCUMENTS\LIBRARY\CLAPEYRON_IND\SPEECH REC\POCKETSPHINXLIB\POCKETSPHINX\WIN32\POCKETSPHINX\DEBUG\WIN32\BIN_MDEF.OBJ
C:\ADOCUMENTS\LIBRARY\CLAPEYRON_IND\SPEECH REC\POCKETSPHINXLIB\POCKETSPHINX\WIN32\POCKETSPHINX\DEBUG\WIN32\BLKARRAY_LIST.OBJ
C:\ADOCUMENTS\LIBRARY\CLAPEYRON_IND\SPEECH REC\POCKETSPHINXLIB\POCKETSPHINX\WIN32\POCKETSPHINX\DEBUG\WIN32\DICT.OBJ
C:\ADOCUMENTS\LIBRARY\CLAPEYRON_IND\SPEECH REC\POCKETSPHINXLIB\POCKETSPHINX\WIN32\POCKETSPHINX\DEBUG\WIN32\DICT2PID.OBJ
C:\ADOCUMENTS\LIBRARY\CLAPEYRON_IND\SPEECH REC\POCKETSPHINXLIB\POCKETSPHINX\WIN32\POCKETSPHINX\DEBUG\WIN32\FSG_HISTORY.OBJ
C:\ADOCUMENTS\LIBRARY\CLAPEYRON_IND\SPEECH REC\POCKETSPHINXLIB\POCKETSPHINX\WIN32\POCKETSPHINX\DEBUG\WIN32\VC110.PDB
C:\ADOCUMENTS\LIBRARY\CLAPEYRON_IND\SPEECH REC\POCKETSPHINXLIB\POCKETSPHINX\BIN\DEBUG\WIN32\POCKETSPHINX.ILK
C:\ADOCUMENTS\LIBRARY\CLAPEYRON_IND\SPEECH REC\POCKETSPHINXLIB\POCKETSPHINX\BIN\DEBUG\WIN32\POCKETSPHINX.DLL
C:\ADOCUMENTS\LIBRARY\CLAPEYRON_IND\SPEECH REC\POCKETSPHINXLIB\POCKETSPHINX\BIN\DEBUG\WIN32\POCKETSPHINX.PDB
C:\Adocuments\Library\Clapeyron_ind\speech rec\pocketsphinxlib\pocketsphinx\bin\Debug\Win32\pocketsphinx.lib
C:\Adocuments\Library\Clapeyron_ind\speech rec\pocketsphinxlib\pocketsphinx\bin\Debug\Win32\pocketsphinx.exp
C:\Adocuments\Library\Clapeyron_ind\speech rec\pocketsphinxlib\pocketsphinx\win32\pocketsphinx\Debug\Win32\acmod.obj
C:\Adocuments\Library\Clapeyron_ind\speech rec\pocketsphinxlib\pocketsphinx\win32\pocketsphinx\Debug\Win32\allphone_search.obj
C:\Adocuments\Library\Clapeyron_ind\speech rec\pocketsphinxlib\pocketsphinx\win32\pocketsphinx\Debug\Win32\bin_mdef.obj
C:\Adocuments\Library\Clapeyron_ind\speech rec\pocketsphinxlib\pocketsphinx\win32\pocketsphinx\Debug\Win32\blkarray_list.obj
C:\Adocuments\Library\Clapeyron_ind\speech rec\pocketsphinxlib\pocketsphinx\win32\pocketsphinx\Debug\Win32\dict.obj
C:\Adocuments\Library\Clapeyron_ind\speech rec\pocketsphinxlib\pocketsphinx\win32\pocketsphinx\Debug\Win32\dict2pid.obj
C:\Adocuments\Library\Clapeyron_ind\speech rec\pocketsphinxlib\pocketsphinx\win32\pocketsphinx\Debug\Win32\fsg_history.obj
C:\Adocuments\Library\Clapeyron_ind\speech rec\pocketsphinxlib\pocketsphinx\win32\pocketsphinx\Debug\Win32\fsg_lextree.obj
C:\Adocuments\Library\Clapeyron_ind\speech rec\pocketsphinxlib\pocketsphinx\win32\pocketsphinx\Debug\Win32\fsg_search.obj
C:\Adocuments\Library\Clapeyron_ind\speech rec\pocketsphinxlib\pocketsphinx\win32\pocketsphinx\Debug\Win32\hmm.obj
C:\Adocuments\Library\Clapeyron_ind\speech rec\pocketsphinxlib\pocketsphinx\win32\pocketsphinx\Debug\Win32\kws_detections.obj
C:\Adocuments\Library\Clapeyron_ind\speech rec\pocketsphinxlib\pocketsphinx\win32\pocketsphinx\Debug\Win32\kws_search.obj
C:\Adocuments\Library\Clapeyron_ind\speech rec\pocketsphinxlib\pocketsphinx\win32\pocketsphinx\Debug\Win32\mdef.obj
C:\Adocuments\Library\Clapeyron_ind\speech rec\pocketsphinxlib\pocketsphinx\win32\pocketsphinx\Debug\Win32\ms_gauden.obj
C:\Adocuments\Library\Clapeyron_ind\speech rec\pocketsphinxlib\pocketsphinx\win32\pocketsphinx\Debug\Win32\ms_mgau.obj
C:\Adocuments\Library\Clapeyron_ind\speech rec\pocketsphinxlib\pocketsphinx\win32\pocketsphinx\Debug\Win32\ms_senone.obj
C:\Adocuments\Library\Clapeyron_ind\speech rec\pocketsphinxlib\pocketsphinx\win32\pocketsphinx\Debug\Win32\ngram_search.obj
C:\Adocuments\Library\Clapeyron_ind\speech rec\pocketsphinxlib\pocketsphinx\win32\pocketsphinx\Debug\Win32\ngram_search_fwdflat.obj
C:\Adocuments\Library\Clapeyron_ind\speech rec\pocketsphinxlib\pocketsphinx\win32\pocketsphinx\Debug\Win32\ngram_search_fwdtree.obj
C:\Adocuments\Library\Clapeyron_ind\speech rec\pocketsphinxlib\pocketsphinx\win32\pocketsphinx\Debug\Win32\phone_loop_search.obj
C:\Adocuments\Library\Clapeyron_ind\speech rec\pocketsphinxlib\pocketsphinx\win32\pocketsphinx\Debug\Win32\pocketsphinx.obj
C:\Adocuments\Library\Clapeyron_ind\speech rec\pocketsphinxlib\pocketsphinx\win32\pocketsphinx\Debug\Win32\ps_lattice.obj
C:\Adocuments\Library\Clapeyron_ind\speech rec\pocketsphinxlib\pocketsphinx\win32\pocketsphinx\Debug\Win32\ps_mllr.obj
C:\Adocuments\Library\Clapeyron_ind\speech rec\pocketsphinxlib\pocketsphinx\win32\pocketsphinx\Debug\Win32\ptm_mgau.obj
C:\Adocuments\Library\Clapeyron_ind\speech rec\pocketsphinxlib\pocketsphinx\win32\pocketsphinx\Debug\Win32\s2_semi_mgau.obj
C:\Adocuments\Library\Clapeyron_ind\speech rec\pocketsphinxlib\pocketsphinx\win32\pocketsphinx\Debug\Win32\tmat.obj
C:\Adocuments\Library\Clapeyron_ind\speech rec\pocketsphinxlib\pocketsphinx\win32\pocketsphinx\Debug\Win32\vector.obj
C:\Adocuments\Library\Clapeyron_ind\speech rec\pocketsphinxlib\pocketsphinx\win32\pocketsphinx\Debug\Win32\cl.command.1.tlog
C:\Adocuments\Library\Clapeyron_ind\speech rec\pocketsphinxlib\pocketsphinx\win32\pocketsphinx\Debug\Win32\CL.read.1.tlog
C:\Adocuments\Library\Clapeyron_ind\speech rec\pocketsphinxlib\pocketsphinx\win32\pocketsphinx\Debug\Win32\CL.write.1.tlog
C:\Adocuments\Library\Clapeyron_ind\speech rec\pocketsphinxlib\pocketsphinx\win32\pocketsphinx\Debug\Win32\link-cvtres.read.1.tlog
C:\Adocuments\Library\Clapeyron_ind\speech rec\pocketsphinxlib\pocketsphinx\win32\pocketsphinx\Debug\Win32\link-cvtres.write.1.tlog
C:\Adocuments\Library\Clapeyron_ind\speech rec\pocketsphinxlib\pocketsphinx\win32\pocketsphinx\Debug\Win32\link-rc.read.1.tlog
C:\Adocuments\Library\Clapeyron_ind\speech rec\pocketsphinxlib\pocketsphinx\win32\pocketsphinx\Debug\Win32\link-rc.write.1.tlog
C:\Adocuments\Library\Clapeyron_ind\speech rec\pocketsphinxlib\pocketsphinx\win32\pocketsphinx\Debug\Win32\link.command.1.tlog
C:\Adocuments\Library\Clapeyron_ind\speech rec\pocketsphinxlib\pocketsphinx\win32\pocketsphinx\Debug\Win32\link.read.1.tlog
C:\Adocuments\Library\Clapeyron_ind\speech rec\pocketsphinxlib\pocketsphinx\win32\pocketsphinx\Debug\Win32\link.write.1.tlog
C:\Adocuments\Library\Clapeyron_ind\speech rec\pocketsphinxlib\pocketsphinx\win32\pocketsphinx\Debug\Win32\pocketsphinx.write.1.tlog
C:\Adocuments\Library\Clapeyron_ind\speech rec\pocketsphinxlib\pocketsphinx\win32\pocketsphinx\Debug\Win32\vc110.idb
C:\Adocuments\Library\Clapeyron_ind\speech rec\pocketsphinxlib\pocketsphinx\win32\pocketsphinx\Debug\Win32\vc110.pdb
C:\Adocuments\Library\Clapeyron_ind\speech rec\pocketsphinxlib\pocketsphinx\\bin\Debug\Win32\pocketsphinx.pdb
C:\Adocuments\Library\Clapeyron_ind\speech rec\pocketsphinxlib\pocketsphinx\\bin\Debug\Win32\pocketsphinx.dll
C:\Adocuments\Library\Clapeyron_ind\speech rec\pocketsphinxlib\pocketsphinx\\bin\Debug\Win32\pocketsphinx.ilk
