  vector.c
c:\adocuments\library\clapeyron_ind\speech rec\pocketsphinxlib\pocketsphinx\src\libpocketsphinx\vector.c(102): warning C4244: *=: преобразование "float64" в "float32", возможна потеря данных
  tmat.c
  s2_semi_mgau.c
  ptm_mgau.c
c:\adocuments\library\clapeyron_ind\speech rec\pocketsphinxlib\pocketsphinx\src\libpocketsphinx\ptm_mgau.c(841): warning C4244: =: преобразование "int16" в "uint8", возможна потеря данных
  ps_mllr.c
  ps_lattice.c
c:\adocuments\library\clapeyron_ind\speech rec\pocketsphinxlib\pocketsphinx\src\libpocketsphinx\ps_lattice.c(452): warning C4244: инициализация: преобразование "float64" в "float32", возможна потеря данных
c:\adocuments\library\clapeyron_ind\speech rec\pocketsphinxlib\pocketsphinx\src\libpocketsphinx\ps_lattice.c(1248): warning C4244: +=: преобразование "float32" в "int32", возможна потеря данных
c:\adocuments\library\clapeyron_ind\speech rec\pocketsphinxlib\pocketsphinx\src\libpocketsphinx\ps_lattice.c(1291): warning C4244: +=: преобразование "float32" в "int32", возможна потеря данных
c:\adocuments\library\clapeyron_ind\speech rec\pocketsphinxlib\pocketsphinx\src\libpocketsphinx\ps_lattice.c(1325): warning C4244: +=: преобразование "float32" в "int32", возможна потеря данных
c:\adocuments\library\clapeyron_ind\speech rec\pocketsphinxlib\pocketsphinx\src\libpocketsphinx\ps_lattice.c(1328): warning C4244: +=: преобразование "float32" в "int32", возможна потеря данных
c:\adocuments\library\clapeyron_ind\speech rec\pocketsphinxlib\pocketsphinx\src\libpocketsphinx\ps_lattice.c(1378): warning C4244: +=: преобразование "float32" в "int32", возможна потеря данных
c:\adocuments\library\clapeyron_ind\speech rec\pocketsphinxlib\pocketsphinx\src\libpocketsphinx\ps_lattice.c(1400): warning C4244: =: преобразование "float32" в "int32", возможна потеря данных
c:\adocuments\library\clapeyron_ind\speech rec\pocketsphinxlib\pocketsphinx\src\libpocketsphinx\ps_lattice.c(1437): warning C4244: +=: преобразование "float32" в "int32", возможна потеря данных
c:\adocuments\library\clapeyron_ind\speech rec\pocketsphinxlib\pocketsphinx\src\libpocketsphinx\ps_lattice.c(1507): warning C4244: =: преобразование "float32" в "int32", возможна потеря данных
c:\adocuments\library\clapeyron_ind\speech rec\pocketsphinxlib\pocketsphinx\src\libpocketsphinx\ps_lattice.c(1514): warning C4244: функция: преобразование "float32" в "int", возможна потеря данных
c:\adocuments\library\clapeyron_ind\speech rec\pocketsphinxlib\pocketsphinx\src\libpocketsphinx\ps_lattice.c(1597): warning C4244: +=: преобразование "float32" в "int32", возможна потеря данных
c:\adocuments\library\clapeyron_ind\speech rec\pocketsphinxlib\pocketsphinx\src\libpocketsphinx\ps_lattice.c(1682): warning C4244: +=: преобразование "float32" в "int32", возможна потеря данных
c:\adocuments\library\clapeyron_ind\speech rec\pocketsphinxlib\pocketsphinx\src\libpocketsphinx\ps_lattice.c(1688): warning C4244: +=: преобразование "float32" в "int32", возможна потеря данных
c:\adocuments\library\clapeyron_ind\speech rec\pocketsphinxlib\pocketsphinx\src\libpocketsphinx\ps_lattice.c(1759): warning C4244: =: преобразование "float32" в "int32", возможна потеря данных
  pocketsphinx.c
c:\adocuments\library\clapeyron_ind\speech rec\pocketsphinxlib\pocketsphinx\src\libpocketsphinx\pocketsphinx.c(321): warning C4244: =: преобразование "float32" в "int32", возможна потеря данных
c:\adocuments\library\clapeyron_ind\speech rec\pocketsphinxlib\pocketsphinx\src\libpocketsphinx\pocketsphinx.c(341): warning C4244: функция: преобразование "int32" в "float32", возможна потеря данных
c:\adocuments\library\clapeyron_ind\speech rec\pocketsphinxlib\pocketsphinx\src\libpocketsphinx\pocketsphinx.c(895): warning C4267: +=: преобразование из "size_t" в "int32"; возможна потеря данных
c:\adocuments\library\clapeyron_ind\speech rec\pocketsphinxlib\pocketsphinx\src\libpocketsphinx\pocketsphinx.c(919): warning C4267: =: преобразование из "size_t" в "long"; возможна потеря данных
c:\adocuments\library\clapeyron_ind\speech rec\pocketsphinxlib\pocketsphinx\src\libpocketsphinx\pocketsphinx.c(929): warning C4267: =: преобразование из "size_t" в "long"; возможна потеря данных
c:\adocuments\library\clapeyron_ind\speech rec\pocketsphinxlib\pocketsphinx\src\libpocketsphinx\pocketsphinx.c(941): warning C4267: +=: преобразование из "size_t" в "long"; возможна потеря данных
  phone_loop_search.c
c:\adocuments\library\clapeyron_ind\speech rec\pocketsphinxlib\pocketsphinx\src\libpocketsphinx\phone_loop_search.c(230): warning C4244: =: преобразование "float64" в "int32", возможна потеря данных
  ngram_search_fwdtree.c
  ngram_search_fwdflat.c
c:\adocuments\library\clapeyron_ind\speech rec\pocketsphinxlib\pocketsphinx\src\libpocketsphinx\ngram_search_fwdflat.c(709): warning C4244: +=: преобразование "float32" в "int32", возможна потеря данных
  ngram_search.c
c:\adocuments\library\clapeyron_ind\speech rec\pocketsphinxlib\pocketsphinx\src\libpocketsphinx\ngram_search.c(93): warning C4090: функция: разные квалификаторы "const"
c:\adocuments\library\clapeyron_ind\speech rec\pocketsphinxlib\pocketsphinx\src\libpocketsphinx\ngram_search.c(136): warning C4244: =: преобразование "double" в "float32", возможна потеря данных
c:\adocuments\library\clapeyron_ind\speech rec\pocketsphinxlib\pocketsphinx\src\libpocketsphinx\ngram_search.c(724): warning C4244: =: преобразование "float32" в "int32", возможна потеря данных
c:\adocuments\library\clapeyron_ind\speech rec\pocketsphinxlib\pocketsphinx\src\libpocketsphinx\ngram_search.c(1044): warning C4244: функция: преобразование "double" в "float32", возможна потеря данных
c:\adocuments\library\clapeyron_ind\speech rec\pocketsphinxlib\pocketsphinx\src\libpocketsphinx\ngram_search.c(1189): warning C4244: =: преобразование "float32" в "int32", возможна потеря данных
c:\adocuments\library\clapeyron_ind\speech rec\pocketsphinxlib\pocketsphinx\src\libpocketsphinx\ngram_search.c(1245): warning C4244: =: преобразование "double" в "float", возможна потеря данных
  ms_senone.c
c:\adocuments\library\clapeyron_ind\speech rec\pocketsphinxlib\pocketsphinx\src\libpocketsphinx\ms_senone.c(118): warning C4018: <: несоответствие типов со знаком и без знака
c:\adocuments\library\clapeyron_ind\speech rec\pocketsphinxlib\pocketsphinx\src\libpocketsphinx\ms_senone.c(224): warning C4018: <: несоответствие типов со знаком и без знака
c:\adocuments\library\clapeyron_ind\speech rec\pocketsphinxlib\pocketsphinx\src\libpocketsphinx\ms_senone.c(225): warning C4018: <: несоответствие типов со знаком и без знака
c:\adocuments\library\clapeyron_ind\speech rec\pocketsphinxlib\pocketsphinx\src\libpocketsphinx\ms_senone.c(240): warning C4018: <: несоответствие типов со знаком и без знака
c:\adocuments\library\clapeyron_ind\speech rec\pocketsphinxlib\pocketsphinx\src\libpocketsphinx\ms_senone.c(314): warning C4018: <: несоответствие типов со знаком и без знака
c:\adocuments\library\clapeyron_ind\speech rec\pocketsphinxlib\pocketsphinx\src\libpocketsphinx\ms_senone.c(325): warning C4018: <: несоответствие типов со знаком и без знака
c:\adocuments\library\clapeyron_ind\speech rec\pocketsphinxlib\pocketsphinx\src\libpocketsphinx\ms_senone.c(371): warning C4018: <: несоответствие типов со знаком и без знака
c:\adocuments\library\clapeyron_ind\speech rec\pocketsphinxlib\pocketsphinx\src\libpocketsphinx\ms_senone.c(372): warning C4018: <=: несоответствие типов со знаком и без знака
c:\adocuments\library\clapeyron_ind\speech rec\pocketsphinxlib\pocketsphinx\src\libpocketsphinx\ms_senone.c(376): warning C4018: <: несоответствие типов со знаком и без знака
  ms_mgau.c
c:\adocuments\library\clapeyron_ind\speech rec\pocketsphinxlib\pocketsphinx\src\libpocketsphinx\ms_mgau.c(133): warning C4018: >: несоответствие типов со знаком и без знака
c:\adocuments\library\clapeyron_ind\speech rec\pocketsphinxlib\pocketsphinx\src\libpocketsphinx\ms_mgau.c(136): warning C4018: <: несоответствие типов со знаком и без знака
c:\adocuments\library\clapeyron_ind\speech rec\pocketsphinxlib\pocketsphinx\src\libpocketsphinx\ms_mgau.c(216): warning C4018: <: несоответствие типов со знаком и без знака
c:\adocuments\library\clapeyron_ind\speech rec\pocketsphinxlib\pocketsphinx\src\libpocketsphinx\ms_mgau.c(224): warning C4018: <: несоответствие типов со знаком и без знака
  ms_gauden.c
  mdef.c
c:\adocuments\library\clapeyron_ind\speech rec\pocketsphinxlib\pocketsphinx\src\libpocketsphinx\mdef.c(108): warning C4312: приведение типов: преобразование из "long" в "void *" большего размера
c:\adocuments\library\clapeyron_ind\speech rec\pocketsphinxlib\pocketsphinx\src\libpocketsphinx\mdef.c(363): warning C4244: функция: преобразование "__int64" в "long", возможна потеря данных
c:\adocuments\library\clapeyron_ind\speech rec\pocketsphinxlib\pocketsphinx\src\libpocketsphinx\mdef.c(437): warning C4244: функция: преобразование "__int64" в "long", возможна потеря данных
c:\adocuments\library\clapeyron_ind\speech rec\pocketsphinxlib\pocketsphinx\src\libpocketsphinx\mdef.c(461): warning C4312: приведение типов: преобразование из "long" в "void *" большего размера
c:\adocuments\library\clapeyron_ind\speech rec\pocketsphinxlib\pocketsphinx\src\libpocketsphinx\mdef.c(461): warning C4311: приведение типов: усечение указателя из "void *" в "long"
c:\adocuments\library\clapeyron_ind\speech rec\pocketsphinxlib\pocketsphinx\src\libpocketsphinx\mdef.c(475): warning C4311: приведение типов: усечение указателя из "void *" в "long"
  kws_search.c
c:\adocuments\library\clapeyron_ind\speech rec\pocketsphinxlib\pocketsphinx\src\libpocketsphinx\kws_search.c(655): warning C4267: +=: преобразование из "size_t" в "int"; возможна потеря данных
c:\adocuments\library\clapeyron_ind\speech rec\pocketsphinxlib\pocketsphinx\src\libpocketsphinx\kws_search.c(663): warning C4267: +=: преобразование из "size_t" в "int"; возможна потеря данных
  kws_detections.c
c:\adocuments\library\clapeyron_ind\speech rec\pocketsphinxlib\pocketsphinx\src\libpocketsphinx\kws_detections.c(95): warning C4267: +=: преобразование из "size_t" в "int"; возможна потеря данных
  hmm.c
  fsg_search.c
c:\adocuments\library\clapeyron_ind\speech rec\pocketsphinxlib\pocketsphinx\src\libpocketsphinx\fsg_search.c(214): warning C4244: =: преобразование "float32" в "int32", возможна потеря данных
c:\adocuments\library\clapeyron_ind\speech rec\pocketsphinxlib\pocketsphinx\src\libpocketsphinx\fsg_search.c(223): warning C4244: =: преобразование "double" в "float32", возможна потеря данных
  fsg_lextree.c
  Создание кода...
  Компиляция...
  fsg_history.c
  dict2pid.c
  dict.c
c:\adocuments\library\clapeyron_ind\speech rec\pocketsphinxlib\pocketsphinx\src\libpocketsphinx\dict.c(125): warning C4312: приведение типов: преобразование из "long" в "void *" большего размера
c:\adocuments\library\clapeyron_ind\speech rec\pocketsphinxlib\pocketsphinx\src\libpocketsphinx\dict.c(125): warning C4311: приведение типов: усечение указателя из "void *" в "long"
c:\adocuments\library\clapeyron_ind\speech rec\pocketsphinxlib\pocketsphinx\src\libpocketsphinx\dict.c(236): warning C4267: +=: преобразование из "size_t" в "int"; возможна потеря данных
c:\adocuments\library\clapeyron_ind\speech rec\pocketsphinxlib\pocketsphinx\src\libpocketsphinx\dict.c(446): warning C4267: =: преобразование из "size_t" в "int32"; возможна потеря данных
  blkarray_list.c
  bin_mdef.c
c:\adocuments\library\clapeyron_ind\speech rec\pocketsphinxlib\pocketsphinx\src\libpocketsphinx\bin_mdef.c(123): warning C4267: +=: преобразование из "size_t" в "int"; возможна потеря данных
c:\adocuments\library\clapeyron_ind\speech rec\pocketsphinxlib\pocketsphinx\src\libpocketsphinx\bin_mdef.c(148): warning C4244: =: преобразование "int16" в "uint8", возможна потеря данных
c:\adocuments\library\clapeyron_ind\speech rec\pocketsphinxlib\pocketsphinx\src\libpocketsphinx\bin_mdef.c(149): warning C4244: =: преобразование "int16" в "uint8", возможна потеря данных
c:\adocuments\library\clapeyron_ind\speech rec\pocketsphinxlib\pocketsphinx\src\libpocketsphinx\bin_mdef.c(150): warning C4244: =: преобразование "int16" в "uint8", возможна потеря данных
  allphone_search.c
c:\adocuments\library\clapeyron_ind\speech rec\pocketsphinxlib\pocketsphinx\src\libpocketsphinx\allphone_search.c(545): warning C4244: =: преобразование "float32" в "int32", возможна потеря данных
c:\adocuments\library\clapeyron_ind\speech rec\pocketsphinxlib\pocketsphinx\src\libpocketsphinx\allphone_search.c(604): warning C4244: =: преобразование "double" в "float32", возможна потеря данных
  acmod.c
c:\adocuments\library\clapeyron_ind\speech rec\pocketsphinxlib\pocketsphinx\src\libpocketsphinx\acmod.c(188): warning C4244: =: преобразование "double" в "mfcc_t", возможна потеря данных
c:\adocuments\library\clapeyron_ind\speech rec\pocketsphinxlib\pocketsphinx\src\libpocketsphinx\acmod.c(193): warning C4244: =: преобразование "double" в "mfcc_t", возможна потеря данных
c:\adocuments\library\clapeyron_ind\speech rec\pocketsphinxlib\pocketsphinx\src\libpocketsphinx\acmod.c(562): warning C4267: +=: преобразование из "size_t" в "int32"; возможна потеря данных
c:\adocuments\library\clapeyron_ind\speech rec\pocketsphinxlib\pocketsphinx\src\libpocketsphinx\acmod.c(662): warning C4244: =: преобразование "__int64" в "int32", возможна потеря данных
c:\adocuments\library\clapeyron_ind\speech rec\pocketsphinxlib\pocketsphinx\src\libpocketsphinx\acmod.c(699): warning C4244: =: преобразование "__int64" в "int32", возможна потеря данных
  Создание кода...
     Создается библиотека ..\..\bin\Debug\x64/pocketsphinx.lib и объект ..\..\bin\Debug\x64/pocketsphinx.exp
  pocketsphinx.vcxproj -> C:\Adocuments\Library\Clapeyron_ind\speech rec\pocketsphinxlib\pocketsphinx\\bin\Debug\x64\pocketsphinx.dll
