c:\adocuments\library\clapeyron_ind\speech rec\pocketsphinxlib\pocketsphinx\win32\pocketsphinx\release\win32\vc141.pdb
c:\adocuments\library\clapeyron_ind\speech rec\pocketsphinxlib\pocketsphinx\win32\pocketsphinx\release\win32\phone_loop_search.obj
c:\adocuments\library\clapeyron_ind\speech rec\pocketsphinxlib\pocketsphinx\win32\pocketsphinx\release\win32\ngram_search_fwdtree.obj
c:\adocuments\library\clapeyron_ind\speech rec\pocketsphinxlib\pocketsphinx\win32\pocketsphinx\release\win32\ngram_search_fwdflat.obj
c:\adocuments\library\clapeyron_ind\speech rec\pocketsphinxlib\pocketsphinx\win32\pocketsphinx\release\win32\ngram_search.obj
c:\adocuments\library\clapeyron_ind\speech rec\pocketsphinxlib\pocketsphinx\win32\pocketsphinx\release\win32\ms_senone.obj
c:\adocuments\library\clapeyron_ind\speech rec\pocketsphinxlib\pocketsphinx\win32\pocketsphinx\release\win32\ms_mgau.obj
c:\adocuments\library\clapeyron_ind\speech rec\pocketsphinxlib\pocketsphinx\win32\pocketsphinx\release\win32\ms_gauden.obj
c:\adocuments\library\clapeyron_ind\speech rec\pocketsphinxlib\pocketsphinx\win32\pocketsphinx\release\win32\mdef.obj
c:\adocuments\library\clapeyron_ind\speech rec\pocketsphinxlib\pocketsphinx\win32\pocketsphinx\release\win32\kws_search.obj
c:\adocuments\library\clapeyron_ind\speech rec\pocketsphinxlib\pocketsphinx\win32\pocketsphinx\release\win32\kws_detections.obj
c:\adocuments\library\clapeyron_ind\speech rec\pocketsphinxlib\pocketsphinx\win32\pocketsphinx\release\win32\hmm.obj
c:\adocuments\library\clapeyron_ind\speech rec\pocketsphinxlib\pocketsphinx\win32\pocketsphinx\release\win32\fsg_search.obj
c:\adocuments\library\clapeyron_ind\speech rec\pocketsphinxlib\pocketsphinx\win32\pocketsphinx\release\win32\fsg_lextree.obj
c:\adocuments\library\clapeyron_ind\speech rec\pocketsphinxlib\pocketsphinx\win32\pocketsphinx\release\win32\fsg_history.obj
c:\adocuments\library\clapeyron_ind\speech rec\pocketsphinxlib\pocketsphinx\win32\pocketsphinx\release\win32\dict2pid.obj
c:\adocuments\library\clapeyron_ind\speech rec\pocketsphinxlib\pocketsphinx\win32\pocketsphinx\release\win32\dict.obj
c:\adocuments\library\clapeyron_ind\speech rec\pocketsphinxlib\pocketsphinx\win32\pocketsphinx\release\win32\blkarray_list.obj
c:\adocuments\library\clapeyron_ind\speech rec\pocketsphinxlib\pocketsphinx\win32\pocketsphinx\release\win32\bin_mdef.obj
c:\adocuments\library\clapeyron_ind\speech rec\pocketsphinxlib\pocketsphinx\win32\pocketsphinx\release\win32\allphone_search.obj
c:\adocuments\library\clapeyron_ind\speech rec\pocketsphinxlib\pocketsphinx\win32\pocketsphinx\release\win32\acmod.obj
c:\adocuments\library\clapeyron_ind\speech rec\pocketsphinxlib\pocketsphinx\win32\pocketsphinx\release\win32\vector.obj
c:\adocuments\library\clapeyron_ind\speech rec\pocketsphinxlib\pocketsphinx\win32\pocketsphinx\release\win32\tmat.obj
c:\adocuments\library\clapeyron_ind\speech rec\pocketsphinxlib\pocketsphinx\win32\pocketsphinx\release\win32\s2_semi_mgau.obj
c:\adocuments\library\clapeyron_ind\speech rec\pocketsphinxlib\pocketsphinx\win32\pocketsphinx\release\win32\ptm_mgau.obj
c:\adocuments\library\clapeyron_ind\speech rec\pocketsphinxlib\pocketsphinx\win32\pocketsphinx\release\win32\ps_mllr.obj
c:\adocuments\library\clapeyron_ind\speech rec\pocketsphinxlib\pocketsphinx\win32\pocketsphinx\release\win32\ps_lattice.obj
c:\adocuments\library\clapeyron_ind\speech rec\pocketsphinxlib\pocketsphinx\win32\pocketsphinx\release\win32\pocketsphinx.obj
c:\adocuments\library\clapeyron_ind\speech rec\pocketsphinxlib\pocketsphinx\bin\release\win32\pocketsphinx.dll
c:\adocuments\library\clapeyron_ind\speech rec\pocketsphinxlib\pocketsphinx\bin\release\win32\pocketsphinx.pdb
c:\adocuments\library\clapeyron_ind\speech rec\pocketsphinxlib\pocketsphinx\bin\release\win32\pocketsphinx.lib
c:\adocuments\library\clapeyron_ind\speech rec\pocketsphinxlib\pocketsphinx\bin\release\win32\pocketsphinx.exp
c:\adocuments\library\clapeyron_ind\speech rec\pocketsphinxlib\pocketsphinx\\bin\release\win32\pocketsphinx.pdb
c:\adocuments\library\clapeyron_ind\speech rec\pocketsphinxlib\pocketsphinx\\bin\release\win32\pocketsphinx.dll
c:\adocuments\library\clapeyron_ind\speech rec\pocketsphinxlib\pocketsphinx\win32\pocketsphinx\release\win32\pocketsphinx.tlog\cl.command.1.tlog
c:\adocuments\library\clapeyron_ind\speech rec\pocketsphinxlib\pocketsphinx\win32\pocketsphinx\release\win32\pocketsphinx.tlog\cl.read.1.tlog
c:\adocuments\library\clapeyron_ind\speech rec\pocketsphinxlib\pocketsphinx\win32\pocketsphinx\release\win32\pocketsphinx.tlog\cl.write.1.tlog
c:\adocuments\library\clapeyron_ind\speech rec\pocketsphinxlib\pocketsphinx\win32\pocketsphinx\release\win32\pocketsphinx.tlog\link.command.1.tlog
c:\adocuments\library\clapeyron_ind\speech rec\pocketsphinxlib\pocketsphinx\win32\pocketsphinx\release\win32\pocketsphinx.tlog\link.read.1.tlog
c:\adocuments\library\clapeyron_ind\speech rec\pocketsphinxlib\pocketsphinx\win32\pocketsphinx\release\win32\pocketsphinx.tlog\link.write.1.tlog
c:\adocuments\library\clapeyron_ind\speech rec\pocketsphinxlib\pocketsphinx\win32\pocketsphinx\release\win32\pocketsphinx.tlog\pocketsphinx.write.1u.tlog
