C:\ADOCUMENTS\LIBRARY\CLAPEYRON_IND\SPEECH REC\POCKETSPHINXLIB\POCKETSPHINX\WIN32\POCKETSPHINX_MDEF_CONVERT\DEBUG\WIN32\MDEF_CONVERT.OBJ
C:\ADOCUMENTS\LIBRARY\CLAPEYRON_IND\SPEECH REC\POCKETSPHINXLIB\POCKETSPHINX\WIN32\POCKETSPHINX_MDEF_CONVERT\DEBUG\WIN32\VC110.PDB
C:\ADOCUMENTS\LIBRARY\CLAPEYRON_IND\SPEECH REC\POCKETSPHINXLIB\POCKETSPHINX\BIN\DEBUG\WIN32\POCKETSPHINX_MDEF_CONVERT.ILK
C:\ADOCUMENTS\LIBRARY\CLAPEYRON_IND\SPEECH REC\POCKETSPHINXLIB\POCKETSPHINX\BIN\DEBUG\WIN32\POCKETSPHINX_MDEF_CONVERT.EXE
C:\ADOCUMENTS\LIBRARY\CLAPEYRON_IND\SPEECH REC\POCKETSPHINXLIB\POCKETSPHINX\BIN\DEBUG\WIN32\POCKETSPHINX_MDEF_CONVERT.PDB
C:\Adocuments\Library\Clapeyron_ind\speech rec\pocketsphinxlib\pocketsphinx\win32\pocketsphinx_mdef_convert\Debug\Win32\mdef_convert.obj
C:\Adocuments\Library\Clapeyron_ind\speech rec\pocketsphinxlib\pocketsphinx\win32\pocketsphinx_mdef_convert\Debug\Win32\cl.command.1.tlog
C:\Adocuments\Library\Clapeyron_ind\speech rec\pocketsphinxlib\pocketsphinx\win32\pocketsphinx_mdef_convert\Debug\Win32\CL.read.1.tlog
C:\Adocuments\Library\Clapeyron_ind\speech rec\pocketsphinxlib\pocketsphinx\win32\pocketsphinx_mdef_convert\Debug\Win32\CL.write.1.tlog
C:\Adocuments\Library\Clapeyron_ind\speech rec\pocketsphinxlib\pocketsphinx\win32\pocketsphinx_mdef_convert\Debug\Win32\link-cvtres.read.1.tlog
C:\Adocuments\Library\Clapeyron_ind\speech rec\pocketsphinxlib\pocketsphinx\win32\pocketsphinx_mdef_convert\Debug\Win32\link-cvtres.write.1.tlog
C:\Adocuments\Library\Clapeyron_ind\speech rec\pocketsphinxlib\pocketsphinx\win32\pocketsphinx_mdef_convert\Debug\Win32\link-rc.read.1.tlog
C:\Adocuments\Library\Clapeyron_ind\speech rec\pocketsphinxlib\pocketsphinx\win32\pocketsphinx_mdef_convert\Debug\Win32\link-rc.write.1.tlog
C:\Adocuments\Library\Clapeyron_ind\speech rec\pocketsphinxlib\pocketsphinx\win32\pocketsphinx_mdef_convert\Debug\Win32\link.command.1.tlog
C:\Adocuments\Library\Clapeyron_ind\speech rec\pocketsphinxlib\pocketsphinx\win32\pocketsphinx_mdef_convert\Debug\Win32\link.read.1.tlog
C:\Adocuments\Library\Clapeyron_ind\speech rec\pocketsphinxlib\pocketsphinx\win32\pocketsphinx_mdef_convert\Debug\Win32\link.write.1.tlog
C:\Adocuments\Library\Clapeyron_ind\speech rec\pocketsphinxlib\pocketsphinx\win32\pocketsphinx_mdef_convert\Debug\Win32\vc110.pdb
C:\Adocuments\Library\Clapeyron_ind\speech rec\pocketsphinxlib\pocketsphinx\\bin\Debug\Win32\pocketsphinx_mdef_convert.pdb
C:\Adocuments\Library\Clapeyron_ind\speech rec\pocketsphinxlib\pocketsphinx\\bin\Debug\Win32\pocketsphinx_mdef_convert.exe
C:\Adocuments\Library\Clapeyron_ind\speech rec\pocketsphinxlib\pocketsphinx\\bin\Debug\Win32\pocketsphinx_mdef_convert.ilk
