C:\ADOCUMENTS\LIBRARY\CLAPEYRON_IND\SPEECH REC\POCKETSPHINXLIB\SPHINXBASE\WIN32\SPHINX_SEG\DEBUG\WIN32\CONT_SEG.OBJ
C:\ADOCUMENTS\LIBRARY\CLAPEYRON_IND\SPEECH REC\POCKETSPHINXLIB\SPHINXBASE\WIN32\SPHINX_SEG\DEBUG\WIN32\VC110.PDB
C:\ADOCUMENTS\LIBRARY\CLAPEYRON_IND\SPEECH REC\POCKETSPHINXLIB\SPHINXBASE\BIN\DEBUG\WIN32\SPHINX_SEG.ILK
C:\ADOCUMENTS\LIBRARY\CLAPEYRON_IND\SPEECH REC\POCKETSPHINXLIB\SPHINXBASE\BIN\DEBUG\WIN32\SPHINX_SEG.EXE
C:\ADOCUMENTS\LIBRARY\CLAPEYRON_IND\SPEECH REC\POCKETSPHINXLIB\SPHINXBASE\BIN\DEBUG\WIN32\SPHINX_SEG.PDB
C:\Adocuments\Library\Clapeyron_ind\speech rec\pocketsphinxlib\sphinxbase\win32\sphinx_seg\Debug\Win32\sphinx_seg.vcxprojResolveAssemblyReference.cache
C:\Adocuments\Library\Clapeyron_ind\speech rec\pocketsphinxlib\sphinxbase\win32\sphinx_seg\Debug\Win32\cont_seg.obj
C:\Adocuments\Library\Clapeyron_ind\speech rec\pocketsphinxlib\sphinxbase\win32\sphinx_seg\Debug\Win32\cl.command.1.tlog
C:\Adocuments\Library\Clapeyron_ind\speech rec\pocketsphinxlib\sphinxbase\win32\sphinx_seg\Debug\Win32\CL.read.1.tlog
C:\Adocuments\Library\Clapeyron_ind\speech rec\pocketsphinxlib\sphinxbase\win32\sphinx_seg\Debug\Win32\CL.write.1.tlog
C:\Adocuments\Library\Clapeyron_ind\speech rec\pocketsphinxlib\sphinxbase\win32\sphinx_seg\Debug\Win32\link-cvtres.read.1.tlog
C:\Adocuments\Library\Clapeyron_ind\speech rec\pocketsphinxlib\sphinxbase\win32\sphinx_seg\Debug\Win32\link-cvtres.write.1.tlog
C:\Adocuments\Library\Clapeyron_ind\speech rec\pocketsphinxlib\sphinxbase\win32\sphinx_seg\Debug\Win32\link-rc.read.1.tlog
C:\Adocuments\Library\Clapeyron_ind\speech rec\pocketsphinxlib\sphinxbase\win32\sphinx_seg\Debug\Win32\link-rc.write.1.tlog
C:\Adocuments\Library\Clapeyron_ind\speech rec\pocketsphinxlib\sphinxbase\win32\sphinx_seg\Debug\Win32\link.command.1.tlog
C:\Adocuments\Library\Clapeyron_ind\speech rec\pocketsphinxlib\sphinxbase\win32\sphinx_seg\Debug\Win32\link.read.1.tlog
C:\Adocuments\Library\Clapeyron_ind\speech rec\pocketsphinxlib\sphinxbase\win32\sphinx_seg\Debug\Win32\link.write.1.tlog
C:\Adocuments\Library\Clapeyron_ind\speech rec\pocketsphinxlib\sphinxbase\win32\sphinx_seg\Debug\Win32\vc110.idb
C:\Adocuments\Library\Clapeyron_ind\speech rec\pocketsphinxlib\sphinxbase\win32\sphinx_seg\Debug\Win32\vc110.pdb
C:\Adocuments\Library\Clapeyron_ind\speech rec\pocketsphinxlib\sphinxbase\\bin\Debug\Win32\sphinx_seg.pdb
C:\Adocuments\Library\Clapeyron_ind\speech rec\pocketsphinxlib\sphinxbase\\bin\Debug\Win32\sphinx_seg.exe
C:\Adocuments\Library\Clapeyron_ind\speech rec\pocketsphinxlib\sphinxbase\\bin\Debug\Win32\sphinx_seg.ilk
