C:\ADOCUMENTS\LIBRARY\CLAPEYRON_IND\SPEECH REC\POCKETSPHINXLIB\PCKTSPHNXTESTING\POCKETSPHINX\WIN32\POCKETSPHINX_BATCH\DEBUG\WIN32\BATCH.OBJ
C:\ADOCUMENTS\LIBRARY\CLAPEYRON_IND\SPEECH REC\POCKETSPHINXLIB\PCKTSPHNXTESTING\POCKETSPHINX\WIN32\POCKETSPHINX_BATCH\DEBUG\WIN32\VC110.PDB
C:\ADOCUMENTS\LIBRARY\CLAPEYRON_IND\SPEECH REC\POCKETSPHINXLIB\PCKTSPHNXTESTING\POCKETSPHINX\BIN\DEBUG\WIN32\POCKETSPHINX_BATCH.ILK
C:\ADOCUMENTS\LIBRARY\CLAPEYRON_IND\SPEECH REC\POCKETSPHINXLIB\PCKTSPHNXTESTING\POCKETSPHINX\BIN\DEBUG\WIN32\POCKETSPHINX_BATCH.EXE
C:\ADOCUMENTS\LIBRARY\CLAPEYRON_IND\SPEECH REC\POCKETSPHINXLIB\PCKTSPHNXTESTING\POCKETSPHINX\BIN\DEBUG\WIN32\POCKETSPHINX_BATCH.PDB
C:\Adocuments\Library\Clapeyron_ind\speech rec\pocketsphinxlib\PcktsphnxTesting\pocketsphinx\win32\pocketsphinx_batch\Debug\Win32\batch.obj
C:\Adocuments\Library\Clapeyron_ind\speech rec\pocketsphinxlib\PcktsphnxTesting\pocketsphinx\win32\pocketsphinx_batch\Debug\Win32\cl.command.1.tlog
C:\Adocuments\Library\Clapeyron_ind\speech rec\pocketsphinxlib\PcktsphnxTesting\pocketsphinx\win32\pocketsphinx_batch\Debug\Win32\CL.read.1.tlog
C:\Adocuments\Library\Clapeyron_ind\speech rec\pocketsphinxlib\PcktsphnxTesting\pocketsphinx\win32\pocketsphinx_batch\Debug\Win32\CL.write.1.tlog
C:\Adocuments\Library\Clapeyron_ind\speech rec\pocketsphinxlib\PcktsphnxTesting\pocketsphinx\win32\pocketsphinx_batch\Debug\Win32\link-cvtres.read.1.tlog
C:\Adocuments\Library\Clapeyron_ind\speech rec\pocketsphinxlib\PcktsphnxTesting\pocketsphinx\win32\pocketsphinx_batch\Debug\Win32\link-cvtres.write.1.tlog
C:\Adocuments\Library\Clapeyron_ind\speech rec\pocketsphinxlib\PcktsphnxTesting\pocketsphinx\win32\pocketsphinx_batch\Debug\Win32\link-rc.read.1.tlog
C:\Adocuments\Library\Clapeyron_ind\speech rec\pocketsphinxlib\PcktsphnxTesting\pocketsphinx\win32\pocketsphinx_batch\Debug\Win32\link-rc.write.1.tlog
C:\Adocuments\Library\Clapeyron_ind\speech rec\pocketsphinxlib\PcktsphnxTesting\pocketsphinx\win32\pocketsphinx_batch\Debug\Win32\link.command.1.tlog
C:\Adocuments\Library\Clapeyron_ind\speech rec\pocketsphinxlib\PcktsphnxTesting\pocketsphinx\win32\pocketsphinx_batch\Debug\Win32\link.read.1.tlog
C:\Adocuments\Library\Clapeyron_ind\speech rec\pocketsphinxlib\PcktsphnxTesting\pocketsphinx\win32\pocketsphinx_batch\Debug\Win32\link.write.1.tlog
C:\Adocuments\Library\Clapeyron_ind\speech rec\pocketsphinxlib\PcktsphnxTesting\pocketsphinx\win32\pocketsphinx_batch\Debug\Win32\vc110.idb
C:\Adocuments\Library\Clapeyron_ind\speech rec\pocketsphinxlib\PcktsphnxTesting\pocketsphinx\win32\pocketsphinx_batch\Debug\Win32\vc110.pdb
C:\Adocuments\Library\Clapeyron_ind\speech rec\pocketsphinxlib\PcktsphnxTesting\pocketsphinx\\bin\Debug\Win32\pocketsphinx_batch.pdb
C:\Adocuments\Library\Clapeyron_ind\speech rec\pocketsphinxlib\PcktsphnxTesting\pocketsphinx\\bin\Debug\Win32\pocketsphinx_batch.exe
C:\Adocuments\Library\Clapeyron_ind\speech rec\pocketsphinxlib\PcktsphnxTesting\pocketsphinx\\bin\Debug\Win32\pocketsphinx_batch.ilk
