C:\ADOCUMENTS\LIBRARY\CLAPEYRON_IND\SPEECH REC\POCKETSPHINXLIB\SPHINXBASE\WIN32\SPHINX_LM_CONVERT\DEBUG\WIN32\SPHINX_LM_CONVERT.OBJ
C:\ADOCUMENTS\LIBRARY\CLAPEYRON_IND\SPEECH REC\POCKETSPHINXLIB\SPHINXBASE\WIN32\SPHINX_LM_CONVERT\DEBUG\WIN32\VC110.PDB
C:\ADOCUMENTS\LIBRARY\CLAPEYRON_IND\SPEECH REC\POCKETSPHINXLIB\SPHINXBASE\BIN\DEBUG\WIN32\SPHINX_LM_CONVERT.ILK
C:\ADOCUMENTS\LIBRARY\CLAPEYRON_IND\SPEECH REC\POCKETSPHINXLIB\SPHINXBASE\BIN\DEBUG\WIN32\SPHINX_LM_CONVERT.EXE
C:\ADOCUMENTS\LIBRARY\CLAPEYRON_IND\SPEECH REC\POCKETSPHINXLIB\SPHINXBASE\BIN\DEBUG\WIN32\SPHINX_LM_CONVERT.PDB
C:\Adocuments\Library\Clapeyron_ind\speech rec\pocketsphinxlib\sphinxbase\win32\sphinx_lm_convert\Debug\Win32\sphinx_lm_convert.obj
C:\Adocuments\Library\Clapeyron_ind\speech rec\pocketsphinxlib\sphinxbase\win32\sphinx_lm_convert\Debug\Win32\cl.command.1.tlog
C:\Adocuments\Library\Clapeyron_ind\speech rec\pocketsphinxlib\sphinxbase\win32\sphinx_lm_convert\Debug\Win32\CL.read.1.tlog
C:\Adocuments\Library\Clapeyron_ind\speech rec\pocketsphinxlib\sphinxbase\win32\sphinx_lm_convert\Debug\Win32\CL.write.1.tlog
C:\Adocuments\Library\Clapeyron_ind\speech rec\pocketsphinxlib\sphinxbase\win32\sphinx_lm_convert\Debug\Win32\link-cvtres.read.1.tlog
C:\Adocuments\Library\Clapeyron_ind\speech rec\pocketsphinxlib\sphinxbase\win32\sphinx_lm_convert\Debug\Win32\link-cvtres.write.1.tlog
C:\Adocuments\Library\Clapeyron_ind\speech rec\pocketsphinxlib\sphinxbase\win32\sphinx_lm_convert\Debug\Win32\link-rc.read.1.tlog
C:\Adocuments\Library\Clapeyron_ind\speech rec\pocketsphinxlib\sphinxbase\win32\sphinx_lm_convert\Debug\Win32\link-rc.write.1.tlog
C:\Adocuments\Library\Clapeyron_ind\speech rec\pocketsphinxlib\sphinxbase\win32\sphinx_lm_convert\Debug\Win32\link.command.1.tlog
C:\Adocuments\Library\Clapeyron_ind\speech rec\pocketsphinxlib\sphinxbase\win32\sphinx_lm_convert\Debug\Win32\link.read.1.tlog
C:\Adocuments\Library\Clapeyron_ind\speech rec\pocketsphinxlib\sphinxbase\win32\sphinx_lm_convert\Debug\Win32\link.write.1.tlog
C:\Adocuments\Library\Clapeyron_ind\speech rec\pocketsphinxlib\sphinxbase\win32\sphinx_lm_convert\Debug\Win32\vc110.idb
C:\Adocuments\Library\Clapeyron_ind\speech rec\pocketsphinxlib\sphinxbase\win32\sphinx_lm_convert\Debug\Win32\vc110.pdb
C:\Adocuments\Library\Clapeyron_ind\speech rec\pocketsphinxlib\sphinxbase\\bin\Debug\Win32\sphinx_lm_convert.pdb
C:\Adocuments\Library\Clapeyron_ind\speech rec\pocketsphinxlib\sphinxbase\\bin\Debug\Win32\sphinx_lm_convert.exe
C:\Adocuments\Library\Clapeyron_ind\speech rec\pocketsphinxlib\sphinxbase\\bin\Debug\Win32\sphinx_lm_convert.ilk
