C:\ADOCUMENTS\LIBRARY\CLAPEYRON_IND\SPEECH REC\POCKETSPHINXLIB\SPHINXBASE\WIN32\SPHINX_PITCH\DEBUG\WIN32\SPHINX_PITCH.OBJ
C:\ADOCUMENTS\LIBRARY\CLAPEYRON_IND\SPEECH REC\POCKETSPHINXLIB\SPHINXBASE\WIN32\SPHINX_PITCH\DEBUG\WIN32\VC110.PDB
C:\ADOCUMENTS\LIBRARY\CLAPEYRON_IND\SPEECH REC\POCKETSPHINXLIB\SPHINXBASE\BIN\DEBUG\WIN32\SPHINX_PITCH.ILK
C:\ADOCUMENTS\LIBRARY\CLAPEYRON_IND\SPEECH REC\POCKETSPHINXLIB\SPHINXBASE\BIN\DEBUG\WIN32\SPHINX_PITCH.EXE
C:\ADOCUMENTS\LIBRARY\CLAPEYRON_IND\SPEECH REC\POCKETSPHINXLIB\SPHINXBASE\BIN\DEBUG\WIN32\SPHINX_PITCH.PDB
C:\Adocuments\Library\Clapeyron_ind\speech rec\pocketsphinxlib\sphinxbase\win32\sphinx_pitch\Debug\Win32\sphinx_pitch.obj
C:\Adocuments\Library\Clapeyron_ind\speech rec\pocketsphinxlib\sphinxbase\win32\sphinx_pitch\Debug\Win32\cl.command.1.tlog
C:\Adocuments\Library\Clapeyron_ind\speech rec\pocketsphinxlib\sphinxbase\win32\sphinx_pitch\Debug\Win32\CL.read.1.tlog
C:\Adocuments\Library\Clapeyron_ind\speech rec\pocketsphinxlib\sphinxbase\win32\sphinx_pitch\Debug\Win32\CL.write.1.tlog
C:\Adocuments\Library\Clapeyron_ind\speech rec\pocketsphinxlib\sphinxbase\win32\sphinx_pitch\Debug\Win32\link-cvtres.read.1.tlog
C:\Adocuments\Library\Clapeyron_ind\speech rec\pocketsphinxlib\sphinxbase\win32\sphinx_pitch\Debug\Win32\link-cvtres.write.1.tlog
C:\Adocuments\Library\Clapeyron_ind\speech rec\pocketsphinxlib\sphinxbase\win32\sphinx_pitch\Debug\Win32\link-rc.read.1.tlog
C:\Adocuments\Library\Clapeyron_ind\speech rec\pocketsphinxlib\sphinxbase\win32\sphinx_pitch\Debug\Win32\link-rc.write.1.tlog
C:\Adocuments\Library\Clapeyron_ind\speech rec\pocketsphinxlib\sphinxbase\win32\sphinx_pitch\Debug\Win32\link.command.1.tlog
C:\Adocuments\Library\Clapeyron_ind\speech rec\pocketsphinxlib\sphinxbase\win32\sphinx_pitch\Debug\Win32\link.read.1.tlog
C:\Adocuments\Library\Clapeyron_ind\speech rec\pocketsphinxlib\sphinxbase\win32\sphinx_pitch\Debug\Win32\link.write.1.tlog
C:\Adocuments\Library\Clapeyron_ind\speech rec\pocketsphinxlib\sphinxbase\win32\sphinx_pitch\Debug\Win32\vc110.idb
C:\Adocuments\Library\Clapeyron_ind\speech rec\pocketsphinxlib\sphinxbase\win32\sphinx_pitch\Debug\Win32\vc110.pdb
C:\Adocuments\Library\Clapeyron_ind\speech rec\pocketsphinxlib\sphinxbase\\bin\Debug\Win32\sphinx_pitch.pdb
C:\Adocuments\Library\Clapeyron_ind\speech rec\pocketsphinxlib\sphinxbase\\bin\Debug\Win32\sphinx_pitch.exe
C:\Adocuments\Library\Clapeyron_ind\speech rec\pocketsphinxlib\sphinxbase\\bin\Debug\Win32\sphinx_pitch.ilk
