C:\ADOCUMENTS\LIBRARY\CLAPEYRON_IND\SPEECH REC\POCKETSPHINXLIB\SPHINXBASE\WIN32\SPHINXBASE\DEBUG\WIN32\CMD_LN.OBJ
C:\ADOCUMENTS\LIBRARY\CLAPEYRON_IND\SPEECH REC\POCKETSPHINXLIB\SPHINXBASE\WIN32\SPHINXBASE\DEBUG\WIN32\DTOA.OBJ
C:\ADOCUMENTS\LIBRARY\CLAPEYRON_IND\SPEECH REC\POCKETSPHINXLIB\SPHINXBASE\WIN32\SPHINXBASE\DEBUG\WIN32\ERR.OBJ
C:\ADOCUMENTS\LIBRARY\CLAPEYRON_IND\SPEECH REC\POCKETSPHINXLIB\SPHINXBASE\WIN32\SPHINXBASE\DEBUG\WIN32\F2C_LITE.OBJ
C:\ADOCUMENTS\LIBRARY\CLAPEYRON_IND\SPEECH REC\POCKETSPHINXLIB\SPHINXBASE\WIN32\SPHINXBASE\DEBUG\WIN32\FILENAME.OBJ
C:\ADOCUMENTS\LIBRARY\CLAPEYRON_IND\SPEECH REC\POCKETSPHINXLIB\SPHINXBASE\WIN32\SPHINXBASE\DEBUG\WIN32\GENRAND.OBJ
C:\ADOCUMENTS\LIBRARY\CLAPEYRON_IND\SPEECH REC\POCKETSPHINXLIB\SPHINXBASE\WIN32\SPHINXBASE\DEBUG\WIN32\GLIST.OBJ
C:\ADOCUMENTS\LIBRARY\CLAPEYRON_IND\SPEECH REC\POCKETSPHINXLIB\SPHINXBASE\WIN32\SPHINXBASE\DEBUG\WIN32\HASH_TABLE.OBJ
C:\ADOCUMENTS\LIBRARY\CLAPEYRON_IND\SPEECH REC\POCKETSPHINXLIB\SPHINXBASE\WIN32\SPHINXBASE\DEBUG\WIN32\HEAP.OBJ
C:\ADOCUMENTS\LIBRARY\CLAPEYRON_IND\SPEECH REC\POCKETSPHINXLIB\SPHINXBASE\WIN32\SPHINXBASE\DEBUG\WIN32\LISTELEM_ALLOC.OBJ
C:\ADOCUMENTS\LIBRARY\CLAPEYRON_IND\SPEECH REC\POCKETSPHINXLIB\SPHINXBASE\WIN32\SPHINXBASE\DEBUG\WIN32\LOGMATH.OBJ
C:\ADOCUMENTS\LIBRARY\CLAPEYRON_IND\SPEECH REC\POCKETSPHINXLIB\SPHINXBASE\WIN32\SPHINXBASE\DEBUG\WIN32\MATRIX.OBJ
C:\ADOCUMENTS\LIBRARY\CLAPEYRON_IND\SPEECH REC\POCKETSPHINXLIB\SPHINXBASE\WIN32\SPHINXBASE\DEBUG\WIN32\MMIO.OBJ
C:\ADOCUMENTS\LIBRARY\CLAPEYRON_IND\SPEECH REC\POCKETSPHINXLIB\SPHINXBASE\WIN32\SPHINXBASE\DEBUG\WIN32\PIO.OBJ
C:\ADOCUMENTS\LIBRARY\CLAPEYRON_IND\SPEECH REC\POCKETSPHINXLIB\SPHINXBASE\WIN32\SPHINXBASE\DEBUG\WIN32\PRIORITY_QUEUE.OBJ
C:\ADOCUMENTS\LIBRARY\CLAPEYRON_IND\SPEECH REC\POCKETSPHINXLIB\SPHINXBASE\WIN32\SPHINXBASE\DEBUG\WIN32\PROFILE.OBJ
C:\ADOCUMENTS\LIBRARY\CLAPEYRON_IND\SPEECH REC\POCKETSPHINXLIB\SPHINXBASE\WIN32\SPHINXBASE\DEBUG\WIN32\SBTHREAD.OBJ
C:\ADOCUMENTS\LIBRARY\CLAPEYRON_IND\SPEECH REC\POCKETSPHINXLIB\SPHINXBASE\WIN32\SPHINXBASE\DEBUG\WIN32\SLAMCH.OBJ
C:\ADOCUMENTS\LIBRARY\CLAPEYRON_IND\SPEECH REC\POCKETSPHINXLIB\SPHINXBASE\WIN32\SPHINXBASE\DEBUG\WIN32\SLAPACK_LITE.OBJ
C:\ADOCUMENTS\LIBRARY\CLAPEYRON_IND\SPEECH REC\POCKETSPHINXLIB\SPHINXBASE\WIN32\SPHINXBASE\DEBUG\WIN32\STRFUNCS.OBJ
C:\ADOCUMENTS\LIBRARY\CLAPEYRON_IND\SPEECH REC\POCKETSPHINXLIB\SPHINXBASE\WIN32\SPHINXBASE\DEBUG\WIN32\FE_WARP_INVERSE_LINEAR.OBJ
C:\ADOCUMENTS\LIBRARY\CLAPEYRON_IND\SPEECH REC\POCKETSPHINXLIB\SPHINXBASE\WIN32\SPHINXBASE\DEBUG\WIN32\FE_WARP_PIECEWISE_LINEAR.OBJ
C:\ADOCUMENTS\LIBRARY\CLAPEYRON_IND\SPEECH REC\POCKETSPHINXLIB\SPHINXBASE\WIN32\SPHINXBASE\DEBUG\WIN32\FIXLOG.OBJ
C:\ADOCUMENTS\LIBRARY\CLAPEYRON_IND\SPEECH REC\POCKETSPHINXLIB\SPHINXBASE\WIN32\SPHINXBASE\DEBUG\WIN32\YIN.OBJ
C:\ADOCUMENTS\LIBRARY\CLAPEYRON_IND\SPEECH REC\POCKETSPHINXLIB\SPHINXBASE\WIN32\SPHINXBASE\DEBUG\WIN32\FSG_MODEL.OBJ
C:\ADOCUMENTS\LIBRARY\CLAPEYRON_IND\SPEECH REC\POCKETSPHINXLIB\SPHINXBASE\WIN32\SPHINXBASE\DEBUG\WIN32\JSGF.OBJ
C:\ADOCUMENTS\LIBRARY\CLAPEYRON_IND\SPEECH REC\POCKETSPHINXLIB\SPHINXBASE\WIN32\SPHINXBASE\DEBUG\WIN32\JSGF_PARSER.OBJ
C:\ADOCUMENTS\LIBRARY\CLAPEYRON_IND\SPEECH REC\POCKETSPHINXLIB\SPHINXBASE\WIN32\SPHINXBASE\DEBUG\WIN32\JSGF_SCANNER.OBJ
C:\ADOCUMENTS\LIBRARY\CLAPEYRON_IND\SPEECH REC\POCKETSPHINXLIB\SPHINXBASE\WIN32\SPHINXBASE\DEBUG\WIN32\NGRAMS_RAW.OBJ
C:\ADOCUMENTS\LIBRARY\CLAPEYRON_IND\SPEECH REC\POCKETSPHINXLIB\SPHINXBASE\WIN32\SPHINXBASE\DEBUG\WIN32\LM_TRIE.OBJ
C:\ADOCUMENTS\LIBRARY\CLAPEYRON_IND\SPEECH REC\POCKETSPHINXLIB\SPHINXBASE\WIN32\SPHINXBASE\DEBUG\WIN32\LM_TRIE_QUANT.OBJ
C:\ADOCUMENTS\LIBRARY\CLAPEYRON_IND\SPEECH REC\POCKETSPHINXLIB\SPHINXBASE\WIN32\SPHINXBASE\DEBUG\WIN32\NGRAM_MODEL.OBJ
C:\ADOCUMENTS\LIBRARY\CLAPEYRON_IND\SPEECH REC\POCKETSPHINXLIB\SPHINXBASE\WIN32\SPHINXBASE\DEBUG\WIN32\NGRAM_MODEL_SET.OBJ
C:\ADOCUMENTS\LIBRARY\CLAPEYRON_IND\SPEECH REC\POCKETSPHINXLIB\SPHINXBASE\WIN32\SPHINXBASE\DEBUG\WIN32\NGRAM_MODEL_TRIE.OBJ
C:\ADOCUMENTS\LIBRARY\CLAPEYRON_IND\SPEECH REC\POCKETSPHINXLIB\SPHINXBASE\WIN32\SPHINXBASE\DEBUG\WIN32\BIO.OBJ
C:\ADOCUMENTS\LIBRARY\CLAPEYRON_IND\SPEECH REC\POCKETSPHINXLIB\SPHINXBASE\WIN32\SPHINXBASE\DEBUG\WIN32\BITARR.OBJ
C:\ADOCUMENTS\LIBRARY\CLAPEYRON_IND\SPEECH REC\POCKETSPHINXLIB\SPHINXBASE\WIN32\SPHINXBASE\DEBUG\WIN32\BITVEC.OBJ
C:\ADOCUMENTS\LIBRARY\CLAPEYRON_IND\SPEECH REC\POCKETSPHINXLIB\SPHINXBASE\WIN32\SPHINXBASE\DEBUG\WIN32\BLAS_LITE.OBJ
C:\ADOCUMENTS\LIBRARY\CLAPEYRON_IND\SPEECH REC\POCKETSPHINXLIB\SPHINXBASE\WIN32\SPHINXBASE\DEBUG\WIN32\CASE.OBJ
C:\ADOCUMENTS\LIBRARY\CLAPEYRON_IND\SPEECH REC\POCKETSPHINXLIB\SPHINXBASE\WIN32\SPHINXBASE\DEBUG\WIN32\CKD_ALLOC.OBJ
C:\ADOCUMENTS\LIBRARY\CLAPEYRON_IND\SPEECH REC\POCKETSPHINXLIB\SPHINXBASE\WIN32\SPHINXBASE\DEBUG\WIN32\AD_WIN32.OBJ
C:\ADOCUMENTS\LIBRARY\CLAPEYRON_IND\SPEECH REC\POCKETSPHINXLIB\SPHINXBASE\WIN32\SPHINXBASE\DEBUG\WIN32\AGC.OBJ
C:\ADOCUMENTS\LIBRARY\CLAPEYRON_IND\SPEECH REC\POCKETSPHINXLIB\SPHINXBASE\WIN32\SPHINXBASE\DEBUG\WIN32\CMN.OBJ
C:\ADOCUMENTS\LIBRARY\CLAPEYRON_IND\SPEECH REC\POCKETSPHINXLIB\SPHINXBASE\WIN32\SPHINXBASE\DEBUG\WIN32\CMN_PRIOR.OBJ
C:\ADOCUMENTS\LIBRARY\CLAPEYRON_IND\SPEECH REC\POCKETSPHINXLIB\SPHINXBASE\WIN32\SPHINXBASE\DEBUG\WIN32\FEAT.OBJ
C:\ADOCUMENTS\LIBRARY\CLAPEYRON_IND\SPEECH REC\POCKETSPHINXLIB\SPHINXBASE\WIN32\SPHINXBASE\DEBUG\WIN32\LDA.OBJ
C:\ADOCUMENTS\LIBRARY\CLAPEYRON_IND\SPEECH REC\POCKETSPHINXLIB\SPHINXBASE\WIN32\SPHINXBASE\DEBUG\WIN32\FE_INTERFACE.OBJ
C:\ADOCUMENTS\LIBRARY\CLAPEYRON_IND\SPEECH REC\POCKETSPHINXLIB\SPHINXBASE\WIN32\SPHINXBASE\DEBUG\WIN32\FE_NOISE.OBJ
C:\ADOCUMENTS\LIBRARY\CLAPEYRON_IND\SPEECH REC\POCKETSPHINXLIB\SPHINXBASE\WIN32\SPHINXBASE\DEBUG\WIN32\FE_PRESPCH_BUF.OBJ
C:\ADOCUMENTS\LIBRARY\CLAPEYRON_IND\SPEECH REC\POCKETSPHINXLIB\SPHINXBASE\WIN32\SPHINXBASE\DEBUG\WIN32\FE_SIGPROC.OBJ
C:\ADOCUMENTS\LIBRARY\CLAPEYRON_IND\SPEECH REC\POCKETSPHINXLIB\SPHINXBASE\WIN32\SPHINXBASE\DEBUG\WIN32\FE_WARP_AFFINE.OBJ
C:\ADOCUMENTS\LIBRARY\CLAPEYRON_IND\SPEECH REC\POCKETSPHINXLIB\SPHINXBASE\WIN32\SPHINXBASE\DEBUG\WIN32\FE_WARP.OBJ
C:\ADOCUMENTS\LIBRARY\CLAPEYRON_IND\SPEECH REC\POCKETSPHINXLIB\SPHINXBASE\WIN32\SPHINXBASE\DEBUG\WIN32\VC110.PDB
C:\ADOCUMENTS\LIBRARY\CLAPEYRON_IND\SPEECH REC\POCKETSPHINXLIB\SPHINXBASE\BIN\DEBUG\WIN32\SPHINXBASE.ILK
C:\ADOCUMENTS\LIBRARY\CLAPEYRON_IND\SPEECH REC\POCKETSPHINXLIB\SPHINXBASE\BIN\DEBUG\WIN32\SPHINXBASE.DLL
C:\ADOCUMENTS\LIBRARY\CLAPEYRON_IND\SPEECH REC\POCKETSPHINXLIB\SPHINXBASE\BIN\DEBUG\WIN32\SPHINXBASE.PDB
C:\Adocuments\Library\Clapeyron_ind\speech rec\pocketsphinxlib\sphinxbase\bin\Debug\Win32\sphinxbase.lib
C:\Adocuments\Library\Clapeyron_ind\speech rec\pocketsphinxlib\sphinxbase\bin\Debug\Win32\sphinxbase.exp
C:\Adocuments\Library\Clapeyron_ind\speech rec\pocketsphinxlib\sphinxbase\win32\sphinxbase\Debug\Win32\ad_win32.obj
C:\Adocuments\Library\Clapeyron_ind\speech rec\pocketsphinxlib\sphinxbase\win32\sphinxbase\Debug\Win32\agc.obj
C:\Adocuments\Library\Clapeyron_ind\speech rec\pocketsphinxlib\sphinxbase\win32\sphinxbase\Debug\Win32\bio.obj
C:\Adocuments\Library\Clapeyron_ind\speech rec\pocketsphinxlib\sphinxbase\win32\sphinxbase\Debug\Win32\bitarr.obj
C:\Adocuments\Library\Clapeyron_ind\speech rec\pocketsphinxlib\sphinxbase\win32\sphinxbase\Debug\Win32\bitvec.obj
C:\Adocuments\Library\Clapeyron_ind\speech rec\pocketsphinxlib\sphinxbase\win32\sphinxbase\Debug\Win32\blas_lite.obj
C:\Adocuments\Library\Clapeyron_ind\speech rec\pocketsphinxlib\sphinxbase\win32\sphinxbase\Debug\Win32\case.obj
C:\Adocuments\Library\Clapeyron_ind\speech rec\pocketsphinxlib\sphinxbase\win32\sphinxbase\Debug\Win32\ckd_alloc.obj
C:\Adocuments\Library\Clapeyron_ind\speech rec\pocketsphinxlib\sphinxbase\win32\sphinxbase\Debug\Win32\cmd_ln.obj
C:\Adocuments\Library\Clapeyron_ind\speech rec\pocketsphinxlib\sphinxbase\win32\sphinxbase\Debug\Win32\cmn.obj
C:\Adocuments\Library\Clapeyron_ind\speech rec\pocketsphinxlib\sphinxbase\win32\sphinxbase\Debug\Win32\cmn_prior.obj
C:\Adocuments\Library\Clapeyron_ind\speech rec\pocketsphinxlib\sphinxbase\win32\sphinxbase\Debug\Win32\dtoa.obj
C:\Adocuments\Library\Clapeyron_ind\speech rec\pocketsphinxlib\sphinxbase\win32\sphinxbase\Debug\Win32\err.obj
C:\Adocuments\Library\Clapeyron_ind\speech rec\pocketsphinxlib\sphinxbase\win32\sphinxbase\Debug\Win32\f2c_lite.obj
C:\Adocuments\Library\Clapeyron_ind\speech rec\pocketsphinxlib\sphinxbase\win32\sphinxbase\Debug\Win32\feat.obj
C:\Adocuments\Library\Clapeyron_ind\speech rec\pocketsphinxlib\sphinxbase\win32\sphinxbase\Debug\Win32\fe_interface.obj
C:\Adocuments\Library\Clapeyron_ind\speech rec\pocketsphinxlib\sphinxbase\win32\sphinxbase\Debug\Win32\fe_noise.obj
C:\Adocuments\Library\Clapeyron_ind\speech rec\pocketsphinxlib\sphinxbase\win32\sphinxbase\Debug\Win32\fe_prespch_buf.obj
C:\Adocuments\Library\Clapeyron_ind\speech rec\pocketsphinxlib\sphinxbase\win32\sphinxbase\Debug\Win32\fe_sigproc.obj
C:\Adocuments\Library\Clapeyron_ind\speech rec\pocketsphinxlib\sphinxbase\win32\sphinxbase\Debug\Win32\fe_warp.obj
C:\Adocuments\Library\Clapeyron_ind\speech rec\pocketsphinxlib\sphinxbase\win32\sphinxbase\Debug\Win32\fe_warp_affine.obj
C:\Adocuments\Library\Clapeyron_ind\speech rec\pocketsphinxlib\sphinxbase\win32\sphinxbase\Debug\Win32\fe_warp_inverse_linear.obj
C:\Adocuments\Library\Clapeyron_ind\speech rec\pocketsphinxlib\sphinxbase\win32\sphinxbase\Debug\Win32\fe_warp_piecewise_linear.obj
C:\Adocuments\Library\Clapeyron_ind\speech rec\pocketsphinxlib\sphinxbase\win32\sphinxbase\Debug\Win32\filename.obj
C:\Adocuments\Library\Clapeyron_ind\speech rec\pocketsphinxlib\sphinxbase\win32\sphinxbase\Debug\Win32\fixlog.obj
C:\Adocuments\Library\Clapeyron_ind\speech rec\pocketsphinxlib\sphinxbase\win32\sphinxbase\Debug\Win32\fsg_model.obj
C:\Adocuments\Library\Clapeyron_ind\speech rec\pocketsphinxlib\sphinxbase\win32\sphinxbase\Debug\Win32\genrand.obj
C:\Adocuments\Library\Clapeyron_ind\speech rec\pocketsphinxlib\sphinxbase\win32\sphinxbase\Debug\Win32\glist.obj
C:\Adocuments\Library\Clapeyron_ind\speech rec\pocketsphinxlib\sphinxbase\win32\sphinxbase\Debug\Win32\hash_table.obj
C:\Adocuments\Library\Clapeyron_ind\speech rec\pocketsphinxlib\sphinxbase\win32\sphinxbase\Debug\Win32\heap.obj
C:\Adocuments\Library\Clapeyron_ind\speech rec\pocketsphinxlib\sphinxbase\win32\sphinxbase\Debug\Win32\jsgf.obj
C:\Adocuments\Library\Clapeyron_ind\speech rec\pocketsphinxlib\sphinxbase\win32\sphinxbase\Debug\Win32\jsgf_parser.obj
C:\Adocuments\Library\Clapeyron_ind\speech rec\pocketsphinxlib\sphinxbase\win32\sphinxbase\Debug\Win32\jsgf_scanner.obj
C:\Adocuments\Library\Clapeyron_ind\speech rec\pocketsphinxlib\sphinxbase\win32\sphinxbase\Debug\Win32\lda.obj
C:\Adocuments\Library\Clapeyron_ind\speech rec\pocketsphinxlib\sphinxbase\win32\sphinxbase\Debug\Win32\listelem_alloc.obj
C:\Adocuments\Library\Clapeyron_ind\speech rec\pocketsphinxlib\sphinxbase\win32\sphinxbase\Debug\Win32\lm_trie.obj
C:\Adocuments\Library\Clapeyron_ind\speech rec\pocketsphinxlib\sphinxbase\win32\sphinxbase\Debug\Win32\lm_trie_quant.obj
C:\Adocuments\Library\Clapeyron_ind\speech rec\pocketsphinxlib\sphinxbase\win32\sphinxbase\Debug\Win32\logmath.obj
C:\Adocuments\Library\Clapeyron_ind\speech rec\pocketsphinxlib\sphinxbase\win32\sphinxbase\Debug\Win32\matrix.obj
C:\Adocuments\Library\Clapeyron_ind\speech rec\pocketsphinxlib\sphinxbase\win32\sphinxbase\Debug\Win32\mmio.obj
C:\Adocuments\Library\Clapeyron_ind\speech rec\pocketsphinxlib\sphinxbase\win32\sphinxbase\Debug\Win32\ngrams_raw.obj
C:\Adocuments\Library\Clapeyron_ind\speech rec\pocketsphinxlib\sphinxbase\win32\sphinxbase\Debug\Win32\ngram_model.obj
C:\Adocuments\Library\Clapeyron_ind\speech rec\pocketsphinxlib\sphinxbase\win32\sphinxbase\Debug\Win32\ngram_model_set.obj
C:\Adocuments\Library\Clapeyron_ind\speech rec\pocketsphinxlib\sphinxbase\win32\sphinxbase\Debug\Win32\ngram_model_trie.obj
C:\Adocuments\Library\Clapeyron_ind\speech rec\pocketsphinxlib\sphinxbase\win32\sphinxbase\Debug\Win32\pio.obj
C:\Adocuments\Library\Clapeyron_ind\speech rec\pocketsphinxlib\sphinxbase\win32\sphinxbase\Debug\Win32\priority_queue.obj
C:\Adocuments\Library\Clapeyron_ind\speech rec\pocketsphinxlib\sphinxbase\win32\sphinxbase\Debug\Win32\profile.obj
C:\Adocuments\Library\Clapeyron_ind\speech rec\pocketsphinxlib\sphinxbase\win32\sphinxbase\Debug\Win32\sbthread.obj
C:\Adocuments\Library\Clapeyron_ind\speech rec\pocketsphinxlib\sphinxbase\win32\sphinxbase\Debug\Win32\slamch.obj
C:\Adocuments\Library\Clapeyron_ind\speech rec\pocketsphinxlib\sphinxbase\win32\sphinxbase\Debug\Win32\slapack_lite.obj
C:\Adocuments\Library\Clapeyron_ind\speech rec\pocketsphinxlib\sphinxbase\win32\sphinxbase\Debug\Win32\strfuncs.obj
C:\Adocuments\Library\Clapeyron_ind\speech rec\pocketsphinxlib\sphinxbase\win32\sphinxbase\Debug\Win32\yin.obj
C:\Adocuments\Library\Clapeyron_ind\speech rec\pocketsphinxlib\sphinxbase\win32\sphinxbase\Debug\Win32\cl.command.1.tlog
C:\Adocuments\Library\Clapeyron_ind\speech rec\pocketsphinxlib\sphinxbase\win32\sphinxbase\Debug\Win32\CL.read.1.tlog
C:\Adocuments\Library\Clapeyron_ind\speech rec\pocketsphinxlib\sphinxbase\win32\sphinxbase\Debug\Win32\CL.write.1.tlog
C:\Adocuments\Library\Clapeyron_ind\speech rec\pocketsphinxlib\sphinxbase\win32\sphinxbase\Debug\Win32\link-cvtres.read.1.tlog
C:\Adocuments\Library\Clapeyron_ind\speech rec\pocketsphinxlib\sphinxbase\win32\sphinxbase\Debug\Win32\link-cvtres.write.1.tlog
C:\Adocuments\Library\Clapeyron_ind\speech rec\pocketsphinxlib\sphinxbase\win32\sphinxbase\Debug\Win32\link-rc.read.1.tlog
C:\Adocuments\Library\Clapeyron_ind\speech rec\pocketsphinxlib\sphinxbase\win32\sphinxbase\Debug\Win32\link-rc.write.1.tlog
C:\Adocuments\Library\Clapeyron_ind\speech rec\pocketsphinxlib\sphinxbase\win32\sphinxbase\Debug\Win32\link.command.1.tlog
C:\Adocuments\Library\Clapeyron_ind\speech rec\pocketsphinxlib\sphinxbase\win32\sphinxbase\Debug\Win32\link.read.1.tlog
C:\Adocuments\Library\Clapeyron_ind\speech rec\pocketsphinxlib\sphinxbase\win32\sphinxbase\Debug\Win32\link.write.1.tlog
C:\Adocuments\Library\Clapeyron_ind\speech rec\pocketsphinxlib\sphinxbase\win32\sphinxbase\Debug\Win32\sphinxbase.write.1.tlog
C:\Adocuments\Library\Clapeyron_ind\speech rec\pocketsphinxlib\sphinxbase\win32\sphinxbase\Debug\Win32\vc110.idb
C:\Adocuments\Library\Clapeyron_ind\speech rec\pocketsphinxlib\sphinxbase\win32\sphinxbase\Debug\Win32\vc110.pdb
C:\Adocuments\Library\Clapeyron_ind\speech rec\pocketsphinxlib\sphinxbase\\bin\Debug\Win32\sphinxbase.pdb
C:\Adocuments\Library\Clapeyron_ind\speech rec\pocketsphinxlib\sphinxbase\\bin\Debug\Win32\sphinxbase.dll
C:\Adocuments\Library\Clapeyron_ind\speech rec\pocketsphinxlib\sphinxbase\\bin\Debug\Win32\sphinxbase.ilk
