C:\ADOCUMENTS\LIBRARY\CLAPEYRON_IND\SPEECH REC\POCKETSPHINXLIB\SPHINXBASE\WIN32\SPHINX_JSGF2FSG\DEBUG\WIN32\MAIN.OBJ
C:\ADOCUMENTS\LIBRARY\CLAPEYRON_IND\SPEECH REC\POCKETSPHINXLIB\SPHINXBASE\WIN32\SPHINX_JSGF2FSG\DEBUG\WIN32\VC110.PDB
C:\ADOCUMENTS\LIBRARY\CLAPEYRON_IND\SPEECH REC\POCKETSPHINXLIB\SPHINXBASE\BIN\DEBUG\WIN32\SPHINX_JSGF2FSG.ILK
C:\ADOCUMENTS\LIBRARY\CLAPEYRON_IND\SPEECH REC\POCKETSPHINXLIB\SPHINXBASE\BIN\DEBUG\WIN32\SPHINX_JSGF2FSG.EXE
C:\ADOCUMENTS\LIBRARY\CLAPEYRON_IND\SPEECH REC\POCKETSPHINXLIB\SPHINXBASE\BIN\DEBUG\WIN32\SPHINX_JSGF2FSG.PDB
C:\Adocuments\Library\Clapeyron_ind\speech rec\pocketsphinxlib\sphinxbase\win32\sphinx_jsgf2fsg\Debug\Win32\sphinx_jsgf2fsg.vcxprojResolveAssemblyReference.cache
C:\Adocuments\Library\Clapeyron_ind\speech rec\pocketsphinxlib\sphinxbase\win32\sphinx_jsgf2fsg\Debug\Win32\main.obj
C:\Adocuments\Library\Clapeyron_ind\speech rec\pocketsphinxlib\sphinxbase\win32\sphinx_jsgf2fsg\Debug\Win32\cl.command.1.tlog
C:\Adocuments\Library\Clapeyron_ind\speech rec\pocketsphinxlib\sphinxbase\win32\sphinx_jsgf2fsg\Debug\Win32\CL.read.1.tlog
C:\Adocuments\Library\Clapeyron_ind\speech rec\pocketsphinxlib\sphinxbase\win32\sphinx_jsgf2fsg\Debug\Win32\CL.write.1.tlog
C:\Adocuments\Library\Clapeyron_ind\speech rec\pocketsphinxlib\sphinxbase\win32\sphinx_jsgf2fsg\Debug\Win32\link-cvtres.read.1.tlog
C:\Adocuments\Library\Clapeyron_ind\speech rec\pocketsphinxlib\sphinxbase\win32\sphinx_jsgf2fsg\Debug\Win32\link-cvtres.write.1.tlog
C:\Adocuments\Library\Clapeyron_ind\speech rec\pocketsphinxlib\sphinxbase\win32\sphinx_jsgf2fsg\Debug\Win32\link-rc.read.1.tlog
C:\Adocuments\Library\Clapeyron_ind\speech rec\pocketsphinxlib\sphinxbase\win32\sphinx_jsgf2fsg\Debug\Win32\link-rc.write.1.tlog
C:\Adocuments\Library\Clapeyron_ind\speech rec\pocketsphinxlib\sphinxbase\win32\sphinx_jsgf2fsg\Debug\Win32\link.command.1.tlog
C:\Adocuments\Library\Clapeyron_ind\speech rec\pocketsphinxlib\sphinxbase\win32\sphinx_jsgf2fsg\Debug\Win32\link.read.1.tlog
C:\Adocuments\Library\Clapeyron_ind\speech rec\pocketsphinxlib\sphinxbase\win32\sphinx_jsgf2fsg\Debug\Win32\link.write.1.tlog
C:\Adocuments\Library\Clapeyron_ind\speech rec\pocketsphinxlib\sphinxbase\win32\sphinx_jsgf2fsg\Debug\Win32\vc110.idb
C:\Adocuments\Library\Clapeyron_ind\speech rec\pocketsphinxlib\sphinxbase\win32\sphinx_jsgf2fsg\Debug\Win32\vc110.pdb
C:\Adocuments\Library\Clapeyron_ind\speech rec\pocketsphinxlib\sphinxbase\\bin\Debug\Win32\sphinx_jsgf2fsg.pdb
C:\Adocuments\Library\Clapeyron_ind\speech rec\pocketsphinxlib\sphinxbase\\bin\Debug\Win32\sphinx_jsgf2fsg.exe
C:\Adocuments\Library\Clapeyron_ind\speech rec\pocketsphinxlib\sphinxbase\\bin\Debug\Win32\sphinx_jsgf2fsg.ilk
