C:\ADOCUMENTS\LIBRARY\CLAPEYRON_IND\SPEECH REC\POCKETSPHINXLIB\PCKTSPHNXTESTING\POCKETSPHINX\WIN32\POCKETSPHINX_CONTINUOUS\DEBUG\WIN32\CONTINUOUS.OBJ
C:\ADOCUMENTS\LIBRARY\CLAPEYRON_IND\SPEECH REC\POCKETSPHINXLIB\PCKTSPHNXTESTING\POCKETSPHINX\WIN32\POCKETSPHINX_CONTINUOUS\DEBUG\WIN32\VC110.PDB
C:\ADOCUMENTS\LIBRARY\CLAPEYRON_IND\SPEECH REC\POCKETSPHINXLIB\PCKTSPHNXTESTING\POCKETSPHINX\BIN\DEBUG\WIN32\POCKETSPHINX_CONTINUOUS.ILK
C:\ADOCUMENTS\LIBRARY\CLAPEYRON_IND\SPEECH REC\POCKETSPHINXLIB\PCKTSPHNXTESTING\POCKETSPHINX\BIN\DEBUG\WIN32\POCKETSPHINX_CONTINUOUS.EXE
C:\ADOCUMENTS\LIBRARY\CLAPEYRON_IND\SPEECH REC\POCKETSPHINXLIB\PCKTSPHNXTESTING\POCKETSPHINX\BIN\DEBUG\WIN32\POCKETSPHINX_CONTINUOUS.PDB
C:\Adocuments\Library\Clapeyron_ind\speech rec\pocketsphinxlib\PcktsphnxTesting\pocketsphinx\win32\pocketsphinx_continuous\Debug\Win32\continuous.obj
C:\Adocuments\Library\Clapeyron_ind\speech rec\pocketsphinxlib\PcktsphnxTesting\pocketsphinx\win32\pocketsphinx_continuous\Debug\Win32\cl.command.1.tlog
C:\Adocuments\Library\Clapeyron_ind\speech rec\pocketsphinxlib\PcktsphnxTesting\pocketsphinx\win32\pocketsphinx_continuous\Debug\Win32\CL.read.1.tlog
C:\Adocuments\Library\Clapeyron_ind\speech rec\pocketsphinxlib\PcktsphnxTesting\pocketsphinx\win32\pocketsphinx_continuous\Debug\Win32\CL.write.1.tlog
C:\Adocuments\Library\Clapeyron_ind\speech rec\pocketsphinxlib\PcktsphnxTesting\pocketsphinx\win32\pocketsphinx_continuous\Debug\Win32\link-cvtres.read.1.tlog
C:\Adocuments\Library\Clapeyron_ind\speech rec\pocketsphinxlib\PcktsphnxTesting\pocketsphinx\win32\pocketsphinx_continuous\Debug\Win32\link-cvtres.write.1.tlog
C:\Adocuments\Library\Clapeyron_ind\speech rec\pocketsphinxlib\PcktsphnxTesting\pocketsphinx\win32\pocketsphinx_continuous\Debug\Win32\link-rc.read.1.tlog
C:\Adocuments\Library\Clapeyron_ind\speech rec\pocketsphinxlib\PcktsphnxTesting\pocketsphinx\win32\pocketsphinx_continuous\Debug\Win32\link-rc.write.1.tlog
C:\Adocuments\Library\Clapeyron_ind\speech rec\pocketsphinxlib\PcktsphnxTesting\pocketsphinx\win32\pocketsphinx_continuous\Debug\Win32\link.command.1.tlog
C:\Adocuments\Library\Clapeyron_ind\speech rec\pocketsphinxlib\PcktsphnxTesting\pocketsphinx\win32\pocketsphinx_continuous\Debug\Win32\link.read.1.tlog
C:\Adocuments\Library\Clapeyron_ind\speech rec\pocketsphinxlib\PcktsphnxTesting\pocketsphinx\win32\pocketsphinx_continuous\Debug\Win32\link.write.1.tlog
C:\Adocuments\Library\Clapeyron_ind\speech rec\pocketsphinxlib\PcktsphnxTesting\pocketsphinx\win32\pocketsphinx_continuous\Debug\Win32\vc110.idb
C:\Adocuments\Library\Clapeyron_ind\speech rec\pocketsphinxlib\PcktsphnxTesting\pocketsphinx\win32\pocketsphinx_continuous\Debug\Win32\vc110.pdb
C:\Adocuments\Library\Clapeyron_ind\speech rec\pocketsphinxlib\PcktsphnxTesting\pocketsphinx\\bin\Debug\Win32\pocketsphinx_continuous.pdb
C:\Adocuments\Library\Clapeyron_ind\speech rec\pocketsphinxlib\PcktsphnxTesting\pocketsphinx\\bin\Debug\Win32\pocketsphinx_continuous.exe
C:\Adocuments\Library\Clapeyron_ind\speech rec\pocketsphinxlib\PcktsphnxTesting\pocketsphinx\\bin\Debug\Win32\pocketsphinx_continuous.ilk
