Build started 07.08.2018 13:52:50.
     1>Project "C:\Adocuments\Library\Clapeyron_ind\speech rec\pocketsphinxlib\PcktsphnxTesting\pocketsphinx\win32\pocketsphinx_continuous\pocketsphinx_continuous.vcxproj" on node 2 (Rebuild target(s)).
       Project file contains ToolsVersion="15.0". This toolset may be unknown or missing, in which case you may be able to resolve this by installing the appropriate version of MSBuild, or the build may have been forced to a particular ToolsVersion for policy reasons. Treating the project as if it had ToolsVersion="4.0". For more information, please see http://go.microsoft.com/fwlink/?LinkId=291333.
     1>Project "C:\Adocuments\Library\Clapeyron_ind\speech rec\pocketsphinxlib\PcktsphnxTesting\pocketsphinx\win32\pocketsphinx_continuous\pocketsphinx_continuous.vcxproj" (1) is building "C:\Adocuments\Library\Clapeyron_ind\speech rec\pocketsphinxlib\PcktsphnxTesting\pocketsphinx\win32\pocketsphinx\pocketsphinx.vcxproj" (2) on node 2 (GetTargetPath target(s)).
       Project file contains ToolsVersion="15.0". This toolset may be unknown or missing, in which case you may be able to resolve this by installing the appropriate version of MSBuild, or the build may have been forced to a particular ToolsVersion for policy reasons. Treating the project as if it had ToolsVersion="4.0". For more information, please see http://go.microsoft.com/fwlink/?LinkId=291333.
     2>Done Building Project "C:\Adocuments\Library\Clapeyron_ind\speech rec\pocketsphinxlib\PcktsphnxTesting\pocketsphinx\win32\pocketsphinx\pocketsphinx.vcxproj" (GetTargetPath target(s)).
     1>Project "C:\Adocuments\Library\Clapeyron_ind\speech rec\pocketsphinxlib\PcktsphnxTesting\pocketsphinx\win32\pocketsphinx_continuous\pocketsphinx_continuous.vcxproj" (1) is building "C:\Adocuments\Library\Clapeyron_ind\speech rec\pocketsphinxlib\PcktsphnxTesting\pocketsphinx\win32\pocketsphinx\pocketsphinx.vcxproj" (2:2) on node 2 (GetNativeManifest target(s)).
       Project file contains ToolsVersion="15.0". This toolset may be unknown or missing, in which case you may be able to resolve this by installing the appropriate version of MSBuild, or the build may have been forced to a particular ToolsVersion for policy reasons. Treating the project as if it had ToolsVersion="4.0". For more information, please see http://go.microsoft.com/fwlink/?LinkId=291333.
     2>Done Building Project "C:\Adocuments\Library\Clapeyron_ind\speech rec\pocketsphinxlib\PcktsphnxTesting\pocketsphinx\win32\pocketsphinx\pocketsphinx.vcxproj" (GetNativeManifest target(s)).
     1>ClCompile:
         C:\Program Files (x86)\Microsoft Visual Studio 11.0\VC\bin\CL.exe /c /I../../include /I../../../sphinxbase/include /I../../../sphinxbase/include/win32 /I../../src/libpocketsphinx /ZI /nologo /W3 /WX- /Od /Oy- /D _DEBUG /D _CONSOLE /D _CRT_SECURE_NO_WARNINGS /D SPHINX_DLL /D AD_BACKEND_WIN32 /D HAVE_CONFIG_H /D _MBCS /Gm /EHsc /RTC1 /MDd /GS /fp:precise /Zc:wchar_t /Zc:forScope /Fo".\Debug\Win32/" /Fd".\Debug\Win32/vc110.pdb" /Gd /TC /analyze- /errorReport:prompt ..\..\src\programs\continuous.c
         continuous.c
     1>c:\adocuments\library\clapeyron_ind\speech rec\pocketsphinxlib\pcktsphnxtesting\pocketsphinx\src\programs\continuous.c(146): warning C4244: '=' : conversion from 'float64' to 'float', possible loss of data
     1>c:\adocuments\library\clapeyron_ind\speech rec\pocketsphinxlib\pcktsphnxtesting\pocketsphinx\src\programs\continuous.c(264): warning C4101: 'utt_started' : unreferenced local variable
     1>c:\adocuments\library\clapeyron_ind\speech rec\pocketsphinxlib\pcktsphnxtesting\pocketsphinx\src\programs\continuous.c(264): warning C4101: 'in_speech' : unreferenced local variable
     1>c:\adocuments\library\clapeyron_ind\speech rec\pocketsphinxlib\pcktsphnxtesting\pocketsphinx\src\programs\continuous.c(370): warning C4244: '=' : conversion from 'uint64' to 'int', possible loss of data
       Link:
         C:\Program Files (x86)\Microsoft Visual Studio 11.0\VC\bin\link.exe /ERRORREPORT:PROMPT /OUT:"C:\Adocuments\Library\Clapeyron_ind\speech rec\pocketsphinxlib\PcktsphnxTesting\pocketsphinx\\bin\Debug\Win32\pocketsphinx_continuous.exe" /NOLOGO /LIBPATH:..\..\..\sphinxbase\bin\Debug\Win32 /LIBPATH:..\..\bin\Debug\Win32 sphinxbase.lib winmm.lib pocketsphinx.lib kernel32.lib user32.lib gdi32.lib winspool.lib comdlg32.lib advapi32.lib shell32.lib ole32.lib oleaut32.lib uuid.lib odbc32.lib odbccp32.lib /MANIFEST /MANIFESTUAC:"level='asInvoker' uiAccess='false'" /manifest:embed /DEBUG /PDB:"C:\Adocuments\Library\Clapeyron_ind\speech rec\pocketsphinxlib\PcktsphnxTesting\pocketsphinx\\bin\Debug\Win32/pocketsphinx_continuous.pdb" /SUBSYSTEM:CONSOLE /TLBID:1 /DYNAMICBASE:NO /IMPLIB:"C:\Adocuments\Library\Clapeyron_ind\speech rec\pocketsphinxlib\PcktsphnxTesting\pocketsphinx\\bin\Debug\Win32\pocketsphinx_continuous.lib" /MACHINE:X86 /SAFESEH:NO .\Debug\Win32/continuous.obj
         "C:\Adocuments\Library\Clapeyron_ind\speech rec\pocketsphinxlib\PcktsphnxTesting\pocketsphinx\bin\Debug\Win32\pocketsphinx.lib"
         pocketsphinx_continuous.vcxproj -> C:\Adocuments\Library\Clapeyron_ind\speech rec\pocketsphinxlib\PcktsphnxTesting\pocketsphinx\\bin\Debug\Win32\pocketsphinx_continuous.exe
     1>Done Building Project "C:\Adocuments\Library\Clapeyron_ind\speech rec\pocketsphinxlib\PcktsphnxTesting\pocketsphinx\win32\pocketsphinx_continuous\pocketsphinx_continuous.vcxproj" (Rebuild target(s)).

Build succeeded.

Time Elapsed 00:00:01.06
